[0.149s] DEBUG:colcon:Command line arguments: ['/usr/bin/colcon', 'build', '--symlink-install']
[0.149s] DEBUG:colcon:Parsed command line arguments: Namespace(allow_overriding=[], ament_cmake_args=None, base_paths=['.'], build_base='build', catkin_cmake_args=None, catkin_skip_building_tests=False, cmake_args=None, cmake_clean_cache=False, cmake_clean_first=False, cmake_force_configure=False, cmake_target=None, cmake_target_skip_unavailable=False, continue_on_error=False, event_handlers=None, executor='parallel', ignore_user_meta=False, install_base='install', log_base=None, log_level=None, main=<bound method BuildVerb.main of <colcon_core.verb.build.BuildVerb object at 0x7f7e3075ebe0>>, merge_install=False, metas=['./colcon.meta'], packages_above=None, packages_above_and_dependencies=None, packages_above_depth=None, packages_end=None, packages_ignore=None, packages_ignore_regex=None, packages_select=None, packages_select_build_failed=False, packages_select_by_dep=None, packages_select_regex=None, packages_select_test_failures=False, packages_skip=None, packages_skip_build_finished=False, packages_skip_by_dep=None, packages_skip_regex=None, packages_skip_test_passed=False, packages_skip_up_to=None, packages_start=None, packages_up_to=None, packages_up_to_regex=None, parallel_workers=16, paths=None, symlink_install=True, test_result_base=None, verb_extension=<colcon_core.verb.build.BuildVerb object at 0x7f7e3075ebe0>, verb_name='build', verb_parser=<colcon_defaults.argument_parser.defaults.DefaultArgumentsDecorator object at 0x7f7e3076a190>)
[0.163s] Level 1:colcon.colcon_core.package_discovery:discover_packages(colcon_meta) check parameters
[0.163s] Level 1:colcon.colcon_core.package_discovery:discover_packages(recursive) check parameters
[0.163s] Level 1:colcon.colcon_core.package_discovery:discover_packages(ignore) check parameters
[0.163s] Level 1:colcon.colcon_core.package_discovery:discover_packages(path) check parameters
[0.163s] Level 1:colcon.colcon_core.package_discovery:discover_packages(colcon_meta) discover
[0.163s] Level 1:colcon.colcon_core.package_discovery:discover_packages(recursive) discover
[0.163s] INFO:colcon.colcon_core.package_discovery:Crawling recursively for packages in '/home/batman/ws/src/box_measurement_3d'
[0.163s] Level 1:colcon.colcon_core.package_identification:_identify(.) by extensions ['ignore', 'ignore_ament_install']
[0.163s] Level 1:colcon.colcon_core.package_identification:_identify(.) by extension 'ignore'
[0.163s] Level 1:colcon.colcon_core.package_identification:_identify(.) by extension 'ignore_ament_install'
[0.163s] Level 1:colcon.colcon_core.package_identification:_identify(.) by extensions ['colcon_pkg']
[0.163s] Level 1:colcon.colcon_core.package_identification:_identify(.) by extension 'colcon_pkg'
[0.163s] Level 1:colcon.colcon_core.package_identification:_identify(.) by extensions ['colcon_meta']
[0.163s] Level 1:colcon.colcon_core.package_identification:_identify(.) by extension 'colcon_meta'
[0.163s] Level 1:colcon.colcon_core.package_identification:_identify(.) by extensions ['ros']
[0.163s] Level 1:colcon.colcon_core.package_identification:_identify(.) by extension 'ros'
[0.175s] DEBUG:colcon.colcon_core.package_identification:Package '.' with type 'ros.ament_python' and name 'box_measurement_3d'
[0.175s] Level 1:colcon.colcon_core.package_discovery:discover_packages(recursive) using defaults
[0.175s] Level 1:colcon.colcon_core.package_discovery:discover_packages(ignore) discover
[0.175s] Level 1:colcon.colcon_core.package_discovery:discover_packages(ignore) using defaults
[0.175s] Level 1:colcon.colcon_core.package_discovery:discover_packages(path) discover
[0.175s] Level 1:colcon.colcon_core.package_discovery:discover_packages(path) using defaults
[0.186s] Level 1:colcon.colcon_core.package_discovery:discover_packages(prefix_path) check parameters
[0.186s] Level 1:colcon.colcon_core.package_discovery:discover_packages(prefix_path) discover
[0.187s] DEBUG:colcon.colcon_installed_package_information.package_discovery:Found 5 installed packages in /home/batman/ws/install
[0.188s] DEBUG:colcon.colcon_installed_package_information.package_discovery:Found 5 installed packages in /home/batman/ws/src/install
[0.189s] DEBUG:colcon.colcon_installed_package_information.package_discovery:Found 260 installed packages in /opt/ros/foxy
[0.190s] Level 1:colcon.colcon_core.package_discovery:discover_packages(prefix_path) using defaults
[0.220s] Level 5:colcon.colcon_core.verb:set package 'box_measurement_3d' build argument 'cmake_args' from command line to 'None'
[0.220s] Level 5:colcon.colcon_core.verb:set package 'box_measurement_3d' build argument 'cmake_target' from command line to 'None'
[0.220s] Level 5:colcon.colcon_core.verb:set package 'box_measurement_3d' build argument 'cmake_target_skip_unavailable' from command line to 'False'
[0.220s] Level 5:colcon.colcon_core.verb:set package 'box_measurement_3d' build argument 'cmake_clean_cache' from command line to 'False'
[0.220s] Level 5:colcon.colcon_core.verb:set package 'box_measurement_3d' build argument 'cmake_clean_first' from command line to 'False'
[0.220s] Level 5:colcon.colcon_core.verb:set package 'box_measurement_3d' build argument 'cmake_force_configure' from command line to 'False'
[0.220s] Level 5:colcon.colcon_core.verb:set package 'box_measurement_3d' build argument 'ament_cmake_args' from command line to 'None'
[0.220s] Level 5:colcon.colcon_core.verb:set package 'box_measurement_3d' build argument 'catkin_cmake_args' from command line to 'None'
[0.220s] Level 5:colcon.colcon_core.verb:set package 'box_measurement_3d' build argument 'catkin_skip_building_tests' from command line to 'False'
[0.220s] DEBUG:colcon.colcon_core.verb:Building package 'box_measurement_3d' with the following arguments: {'ament_cmake_args': None, 'build_base': '/home/batman/ws/src/box_measurement_3d/build/box_measurement_3d', 'catkin_cmake_args': None, 'catkin_skip_building_tests': False, 'cmake_args': None, 'cmake_clean_cache': False, 'cmake_clean_first': False, 'cmake_force_configure': False, 'cmake_target': None, 'cmake_target_skip_unavailable': False, 'install_base': '/home/batman/ws/src/box_measurement_3d/install/box_measurement_3d', 'merge_install': False, 'path': '/home/batman/ws/src/box_measurement_3d', 'symlink_install': True, 'test_result_base': None}
[0.221s] INFO:colcon.colcon_core.executor:Executing jobs using 'parallel' executor
[0.222s] DEBUG:colcon.colcon_parallel_executor.executor.parallel:run_until_complete
[0.222s] INFO:colcon.colcon_ros.task.ament_python.build:Building ROS package in '/home/batman/ws/src/box_measurement_3d' with build type 'ament_python'
[0.222s] Level 1:colcon.colcon_core.shell:create_environment_hook('box_measurement_3d', 'ament_prefix_path')
[0.225s] INFO:colcon.colcon_core.plugin_system:Skipping extension 'colcon_core.shell.bat': Not used on non-Windows systems
[0.225s] INFO:colcon.colcon_core.shell:Creating environment hook '/home/batman/ws/src/box_measurement_3d/install/box_measurement_3d/share/box_measurement_3d/hook/ament_prefix_path.ps1'
[0.225s] INFO:colcon.colcon_core.shell:Creating environment descriptor '/home/batman/ws/src/box_measurement_3d/install/box_measurement_3d/share/box_measurement_3d/hook/ament_prefix_path.dsv'
[0.225s] INFO:colcon.colcon_core.shell:Creating environment hook '/home/batman/ws/src/box_measurement_3d/install/box_measurement_3d/share/box_measurement_3d/hook/ament_prefix_path.sh'
[0.226s] INFO:colcon.colcon_core.shell:Skip shell extension 'powershell' for command environment: Not usable outside of PowerShell
[0.226s] DEBUG:colcon.colcon_core.shell:Skip shell extension 'dsv' for command environment
[0.343s] INFO:colcon.colcon_core.task.python.build:Building Python package in '/home/batman/ws/src/box_measurement_3d'
[0.344s] INFO:colcon.colcon_core.shell:Skip shell extension 'powershell' for command environment: Not usable outside of PowerShell
[0.344s] DEBUG:colcon.colcon_core.shell:Skip shell extension 'dsv' for command environment
[0.543s] DEBUG:colcon.colcon_core.event_handler.log_command:Invoking command in '/home/batman/ws/src/box_measurement_3d/build/box_measurement_3d': PYTHONPATH=/home/batman/ws/src/box_measurement_3d/build/box_measurement_3d/prefix_override:/home/batman/ws/src/box_measurement_3d/install/box_measurement_3d/lib/python3.8/site-packages:${PYTHONPATH} /usr/bin/python3 setup.py develop --editable --build-directory /home/batman/ws/src/box_measurement_3d/build/box_measurement_3d/build --no-deps install_data
[0.776s] Level 1:colcon.colcon_core.shell:create_environment_hook('box_measurement_3d', 'pythonpath_develop')
[0.777s] INFO:colcon.colcon_core.shell:Creating environment hook '/home/batman/ws/src/box_measurement_3d/build/box_measurement_3d/share/box_measurement_3d/hook/pythonpath_develop.ps1'
[0.777s] DEBUG:colcon.colcon_core.event_handler.log_command:Invoked command in '/home/batman/ws/src/box_measurement_3d/build/box_measurement_3d' returned '0': PYTHONPATH=/home/batman/ws/src/box_measurement_3d/build/box_measurement_3d/prefix_override:/home/batman/ws/src/box_measurement_3d/install/box_measurement_3d/lib/python3.8/site-packages:${PYTHONPATH} /usr/bin/python3 setup.py develop --editable --build-directory /home/batman/ws/src/box_measurement_3d/build/box_measurement_3d/build --no-deps install_data
[0.777s] INFO:colcon.colcon_core.shell:Creating environment descriptor '/home/batman/ws/src/box_measurement_3d/build/box_measurement_3d/share/box_measurement_3d/hook/pythonpath_develop.dsv'
[0.777s] INFO:colcon.colcon_core.shell:Creating environment hook '/home/batman/ws/src/box_measurement_3d/build/box_measurement_3d/share/box_measurement_3d/hook/pythonpath_develop.sh'
[0.780s] Level 1:colcon.colcon_core.environment:checking '/home/batman/ws/src/box_measurement_3d/install/box_measurement_3d' for CMake module files
[0.780s] Level 1:colcon.colcon_core.environment:checking '/home/batman/ws/src/box_measurement_3d/install/box_measurement_3d' for CMake config files
[0.781s] Level 1:colcon.colcon_core.environment:checking '/home/batman/ws/src/box_measurement_3d/install/box_measurement_3d/lib'
[0.781s] Level 1:colcon.colcon_core.environment:checking '/home/batman/ws/src/box_measurement_3d/install/box_measurement_3d/bin'
[0.781s] Level 1:colcon.colcon_core.environment:checking '/home/batman/ws/src/box_measurement_3d/install/box_measurement_3d/lib/pkgconfig/box_measurement_3d.pc'
[0.781s] Level 1:colcon.colcon_core.environment:checking '/home/batman/ws/src/box_measurement_3d/install/box_measurement_3d/lib/python3.8/site-packages'
[0.781s] Level 1:colcon.colcon_core.shell:create_environment_hook('box_measurement_3d', 'pythonpath')
[0.782s] INFO:colcon.colcon_core.shell:Creating environment hook '/home/batman/ws/src/box_measurement_3d/install/box_measurement_3d/share/box_measurement_3d/hook/pythonpath.ps1'
[0.782s] INFO:colcon.colcon_core.shell:Creating environment descriptor '/home/batman/ws/src/box_measurement_3d/install/box_measurement_3d/share/box_measurement_3d/hook/pythonpath.dsv'
[0.782s] INFO:colcon.colcon_core.shell:Creating environment hook '/home/batman/ws/src/box_measurement_3d/install/box_measurement_3d/share/box_measurement_3d/hook/pythonpath.sh'
[0.782s] Level 1:colcon.colcon_core.environment:checking '/home/batman/ws/src/box_measurement_3d/install/box_measurement_3d/bin'
[0.782s] Level 1:colcon.colcon_core.environment:create_environment_scripts_only(box_measurement_3d)
[0.783s] INFO:colcon.colcon_core.shell:Creating package script '/home/batman/ws/src/box_measurement_3d/install/box_measurement_3d/share/box_measurement_3d/package.ps1'
[0.783s] INFO:colcon.colcon_core.shell:Creating package descriptor '/home/batman/ws/src/box_measurement_3d/install/box_measurement_3d/share/box_measurement_3d/package.dsv'
[0.784s] INFO:colcon.colcon_core.shell:Creating package script '/home/batman/ws/src/box_measurement_3d/install/box_measurement_3d/share/box_measurement_3d/package.sh'
[0.784s] INFO:colcon.colcon_core.shell:Creating package script '/home/batman/ws/src/box_measurement_3d/install/box_measurement_3d/share/box_measurement_3d/package.bash'
[0.784s] INFO:colcon.colcon_core.shell:Creating package script '/home/batman/ws/src/box_measurement_3d/install/box_measurement_3d/share/box_measurement_3d/package.zsh'
[0.784s] Level 1:colcon.colcon_core.environment:create_file_with_runtime_dependencies(/home/batman/ws/src/box_measurement_3d/install/box_measurement_3d/share/colcon-core/packages/box_measurement_3d)
[0.785s] DEBUG:colcon.colcon_parallel_executor.executor.parallel:closing loop
[0.785s] DEBUG:colcon.colcon_parallel_executor.executor.parallel:loop closed
[0.785s] DEBUG:colcon.colcon_parallel_executor.executor.parallel:run_until_complete finished with '0'
[0.785s] DEBUG:colcon.colcon_core.event_reactor:joining thread
[0.788s] INFO:colcon.colcon_core.plugin_system:Skipping extension 'colcon_notification.desktop_notification.terminal_notifier': Not used on non-Darwin systems
[0.788s] INFO:colcon.colcon_core.plugin_system:Skipping extension 'colcon_notification.desktop_notification.win32': Not used on non-Windows systems
[0.788s] INFO:colcon.colcon_notification.desktop_notification:Sending desktop notification using 'notify2'
[0.801s] DEBUG:colcon.colcon_core.event_reactor:joined thread
[0.801s] INFO:colcon.colcon_core.shell:Creating prefix script '/home/batman/ws/src/box_measurement_3d/install/local_setup.ps1'
[0.802s] INFO:colcon.colcon_core.shell:Creating prefix util module '/home/batman/ws/src/box_measurement_3d/install/_local_setup_util_ps1.py'
[0.803s] INFO:colcon.colcon_core.shell:Creating prefix chain script '/home/batman/ws/src/box_measurement_3d/install/setup.ps1'
[0.803s] INFO:colcon.colcon_core.shell:Creating prefix script '/home/batman/ws/src/box_measurement_3d/install/local_setup.sh'
[0.804s] INFO:colcon.colcon_core.shell:Creating prefix util module '/home/batman/ws/src/box_measurement_3d/install/_local_setup_util_sh.py'
[0.804s] INFO:colcon.colcon_core.shell:Creating prefix chain script '/home/batman/ws/src/box_measurement_3d/install/setup.sh'
[0.804s] INFO:colcon.colcon_core.shell:Creating prefix script '/home/batman/ws/src/box_measurement_3d/install/local_setup.bash'
[0.805s] INFO:colcon.colcon_core.shell:Creating prefix chain script '/home/batman/ws/src/box_measurement_3d/install/setup.bash'
[0.805s] INFO:colcon.colcon_core.shell:Creating prefix script '/home/batman/ws/src/box_measurement_3d/install/local_setup.zsh'
[0.806s] INFO:colcon.colcon_core.shell:Creating prefix chain script '/home/batman/ws/src/box_measurement_3d/install/setup.zsh'
