running develop
running egg_info
creating box_measurement_3d.egg-info
writing box_measurement_3d.egg-info/PKG-INFO
writing dependency_links to box_measurement_3d.egg-info/dependency_links.txt
writing entry points to box_measurement_3d.egg-info/entry_points.txt
writing requirements to box_measurement_3d.egg-info/requires.txt
writing top-level names to box_measurement_3d.egg-info/top_level.txt
writing manifest file 'box_measurement_3d.egg-info/SOURCES.txt'
reading manifest file 'box_measurement_3d.egg-info/SOURCES.txt'
writing manifest file 'box_measurement_3d.egg-info/SOURCES.txt'
running build_ext
Creating /home/batman/ws/src/box_measurement_3d/install/box_measurement_3d/lib/python3.8/site-packages/site.py
Creating /home/batman/ws/src/box_measurement_3d/install/box_measurement_3d/lib/python3.8/site-packages/box-measurement-3d.egg-link (link to .)
Installing box_measurement_3d_node script to /home/batman/ws/src/box_measurement_3d/install/box_measurement_3d/lib/box_measurement_3d
Installing send_pc script to /home/batman/ws/src/box_measurement_3d/install/box_measurement_3d/lib/box_measurement_3d

Installed /home/batman/ws/src/box_measurement_3d/build/box_measurement_3d
running install_data
creating /home/batman/ws/src/box_measurement_3d/install/box_measurement_3d/share/ament_index
creating /home/batman/ws/src/box_measurement_3d/install/box_measurement_3d/share/ament_index/resource_index
creating /home/batman/ws/src/box_measurement_3d/install/box_measurement_3d/share/ament_index/resource_index/packages
copying resource/box_measurement_3d -> /home/batman/ws/src/box_measurement_3d/install/box_measurement_3d/share/ament_index/resource_index/packages
copying package.xml -> /home/batman/ws/src/box_measurement_3d/install/box_measurement_3d/share/box_measurement_3d
