[0.320s] Invoking command in '/home/batman/ws/src/box_measurement_3d/build/box_measurement_3d': PYTHONPATH=/home/batman/ws/src/box_measurement_3d/build/box_measurement_3d/prefix_override:/home/batman/ws/src/box_measurement_3d/install/box_measurement_3d/lib/python3.8/site-packages:${PYTHONPATH} /usr/bin/python3 setup.py develop --editable --build-directory /home/batman/ws/src/box_measurement_3d/build/box_measurement_3d/build --no-deps install_data
[0.439s] running develop
[0.502s] running egg_info
[0.503s] creating box_measurement_3d.egg-info
[0.503s] writing box_measurement_3d.egg-info/PKG-INFO
[0.503s] writing dependency_links to box_measurement_3d.egg-info/dependency_links.txt
[0.503s] writing entry points to box_measurement_3d.egg-info/entry_points.txt
[0.503s] writing requirements to box_measurement_3d.egg-info/requires.txt
[0.503s] writing top-level names to box_measurement_3d.egg-info/top_level.txt
[0.504s] writing manifest file 'box_measurement_3d.egg-info/SOURCES.txt'
[0.519s] reading manifest file 'box_measurement_3d.egg-info/SOURCES.txt'
[0.520s] writing manifest file 'box_measurement_3d.egg-info/SOURCES.txt'
[0.536s] running build_ext
[0.536s] Creating /home/batman/ws/src/box_measurement_3d/install/box_measurement_3d/lib/python3.8/site-packages/site.py
[0.538s] Creating /home/batman/ws/src/box_measurement_3d/install/box_measurement_3d/lib/python3.8/site-packages/box-measurement-3d.egg-link (link to .)
[0.538s] Installing box_measurement_3d_node script to /home/batman/ws/src/box_measurement_3d/install/box_measurement_3d/lib/box_measurement_3d
[0.538s] Installing send_pc script to /home/batman/ws/src/box_measurement_3d/install/box_measurement_3d/lib/box_measurement_3d
[0.538s] 
[0.538s] Installed /home/batman/ws/src/box_measurement_3d/build/box_measurement_3d
[0.538s] running install_data
[0.538s] creating /home/batman/ws/src/box_measurement_3d/install/box_measurement_3d/share/ament_index
[0.538s] creating /home/batman/ws/src/box_measurement_3d/install/box_measurement_3d/share/ament_index/resource_index
[0.538s] creating /home/batman/ws/src/box_measurement_3d/install/box_measurement_3d/share/ament_index/resource_index/packages
[0.538s] copying resource/box_measurement_3d -> /home/batman/ws/src/box_measurement_3d/install/box_measurement_3d/share/ament_index/resource_index/packages
[0.538s] copying package.xml -> /home/batman/ws/src/box_measurement_3d/install/box_measurement_3d/share/box_measurement_3d
[0.554s] Invoked command in '/home/batman/ws/src/box_measurement_3d/build/box_measurement_3d' returned '0': PYTHONPATH=/home/batman/ws/src/box_measurement_3d/build/box_measurement_3d/prefix_override:/home/batman/ws/src/box_measurement_3d/install/box_measurement_3d/lib/python3.8/site-packages:${PYTHONPATH} /usr/bin/python3 setup.py develop --editable --build-directory /home/batman/ws/src/box_measurement_3d/build/box_measurement_3d/build --no-deps install_data
